0 info it worked if it ends with ok
1 verbose cli [ '/home/yeehaa/.nvm/versions/io.js/v2.2.1/bin/iojs',
1 verbose cli   '/home/yeehaa/.nvm/versions/io.js/v2.2.1/bin/npm',
1 verbose cli   'run',
1 verbose cli   'release' ]
2 info using npm@2.11.0
3 info using node@v2.2.1
4 verbose stack Error: ENOENT: no such file or directory, open '/home/yeehaa/Documents/offcourse/components/package.json'
4 verbose stack     at Error (native)
5 verbose cwd /home/yeehaa/Documents/offcourse/components
6 error Linux 3.16.0-36-generic
7 error argv "/home/yeehaa/.nvm/versions/io.js/v2.2.1/bin/iojs" "/home/yeehaa/.nvm/versions/io.js/v2.2.1/bin/npm" "run" "release"
8 error node v2.2.1
9 error npm  v2.11.0
10 error path /home/yeehaa/Documents/offcourse/components/package.json
11 error code ENOENT
12 error errno -2
13 error syscall open
14 error enoent ENOENT: no such file or directory, open '/home/yeehaa/Documents/offcourse/components/package.json'
14 error enoent This is most likely not a problem with npm itself
14 error enoent and is related to npm not being able to find a file.
15 verbose exit [ -2, true ]
